<?xml version="1.0" ?>
<!DOCTYPE coverage SYSTEM "http://cobertura.sourceforge.net/xml/coverage-04.dtd">
<coverage lines-valid="22" lines-covered="20" line-rate="0.9091" branches-valid="0" branches-covered="0" branch-rate="1" timestamp="1499274239695" complexity="0" version="0.1">
  <sources>
    <source>/Users/eduardoboucas/Sites/web-pugjs</source>
  </sources>
  <packages>
    <class name="index.js" filename="index.js" line-rate="0.9091" branch-rate="1">
      <methods>
        <method name="(anonymous_0)" hits="2" signature="()V">
          <lines>
            <line number="6" hits="2"/>
          </lines>
        </method>
        <method name="(anonymous_1)" hits="2" signature="()V">
          <lines>
            <line number="10" hits="2"/>
          </lines>
        </method>
        <method name="(anonymous_2)" hits="0" signature="()V">
          <lines>
            <line number="24" hits="0"/>
          </lines>
        </method>
        <method name="(anonymous_3)" hits="0" signature="()V">
          <lines>
            <line number="33" hits="0"/>
          </lines>
        </method>
        <method name="(anonymous_4)" hits="2" signature="()V">
          <lines>
            <line number="45" hits="2"/>
          </lines>
        </method>
        <method name="(anonymous_5)" hits="2" signature="()V">
          <lines>
            <line number="54" hits="2"/>
          </lines>
        </method>
        <method name="(anonymous_6)" hits="1" signature="()V">
          <lines>
            <line number="71" hits="1"/>
          </lines>
        </method>
      </methods>
      <lines>
        <line number="1" hits="1" branch="false"/>
        <line number="6" hits="1" branch="false"/>
        <line number="7" hits="2" branch="false"/>
        <line number="8" hits="2" branch="false"/>
        <line number="10" hits="2" branch="false"/>
        <line number="11" hits="2" branch="false"/>
        <line number="13" hits="2" branch="false"/>
        <line number="14" hits="2" branch="false"/>
        <line number="15" hits="2" branch="false"/>
        <line number="16" hits="2" branch="false"/>
        <line number="24" hits="2" branch="false"/>
        <line number="25" hits="0" branch="false"/>
        <line number="33" hits="2" branch="false"/>
        <line number="34" hits="0" branch="false"/>
        <line number="45" hits="2" branch="false"/>
        <line number="46" hits="2" branch="false"/>
        <line number="54" hits="2" branch="false"/>
        <line number="55" hits="2" branch="false"/>
        <line number="71" hits="2" branch="false"/>
        <line number="72" hits="1" branch="false"/>
        <line number="75" hits="2" branch="false"/>
        <line number="78" hits="1" branch="false"/>
      </lines>
    </class>
  </packages>
</coverage>
