TN:
SF:/Users/eduardoboucas/Sites/web-pugjs/index.js
FN:6,(anonymous_0)
FN:10,(anonymous_1)
FN:24,(anonymous_2)
FN:33,(anonymous_3)
FN:45,(anonymous_4)
FN:54,(anonymous_5)
FN:71,(anonymous_6)
FNF:7
FNH:5
FNDA:2,(anonymous_0)
FNDA:2,(anonymous_1)
FNDA:0,(anonymous_2)
FNDA:0,(anonymous_3)
FNDA:2,(anonymous_4)
FNDA:2,(anonymous_5)
FNDA:1,(anonymous_6)
DA:1,1
DA:6,1
DA:7,2
DA:8,2
DA:10,2
DA:11,2
DA:13,2
DA:14,2
DA:15,2
DA:16,2
DA:24,2
DA:25,0
DA:33,2
DA:34,0
DA:45,2
DA:46,2
DA:54,2
DA:55,2
DA:71,2
DA:72,1
DA:75,2
DA:78,1
LF:22
LH:20
BRF:0
BRH:0
end_of_record
